<?xml version="1.0" encoding="UTF-8"?>
<!-- Generated by org.testng.reporters.JUnitReportReporter -->
<testsuite hostname="DESKTOP-B7V6ES1" failures="0" tests="2" name="sample.ClassC" time="0.010" errors="0" timestamp="2023-06-08T00:25:32 IST" skipped="0">
  <testcase classname="sample.ClassC" name="testC1" time="0.004"/>
  <system-out/>
  <testcase classname="sample.ClassC" name="testC2" time="0.006"/>
  <system-out/>
</testsuite> <!-- sample.ClassC -->
